#
# There is insufficient memory for the Java Runtime Environment to continue.
# Native memory allocation (mmap) failed to map 31457280 bytes for Failed to commit area from 0x000000008d900000 to 0x000000008f700000 of length 31457280.
# Possible reasons:
#   The system is out of physical RAM or swap space
#   The process is running with CompressedOops enabled, and the Java Heap may be blocking the growth of the native heap
# Possible solutions:
#   Reduce memory load on the system
#   Increase physical memory or swap space
#   Check if swap backing store is full
#   Decrease Java heap size (-Xmx/-Xms)
#   Decrease number of Java threads
#   Decrease Java thread stack sizes (-Xss)
#   Set larger code cache with -XX:ReservedCodeCacheSize=
#   JVM is running with Unscaled Compressed Oops mode in which the Java heap is
#     placed in the first 4GB address space. The Java Heap base address is the
#     maximum limit for the native heap growth. Please use -XX:HeapBaseMinAddress
#     to set the Java Heap base and to place the Java Heap above 4GB virtual address.
# This output file may be truncated or incomplete.
#
#  Out of Memory Error (t:/workspace/open/src/hotspot/os/windows/os_windows.cpp:3269), pid=5952, tid=11760
#
# JRE version: Java(TM) SE Runtime Environment (11.0.1+13) (build 11.0.1+13-LTS)
# Java VM: Java HotSpot(TM) 64-Bit Server VM (11.0.1+13-LTS, mixed mode, tiered, compressed oops, g1 gc, windows-amd64)
# No core dump will be written. Minidumps are not enabled by default on client versions of Windows
#

---------------  S U M M A R Y ------------

Command Line: -XX:TieredStopAtLevel=1 -Xverify:none -Dspring.output.ansi.enabled=always -Dcom.sun.management.jmxremote -Dspring.jmx.enabled=true -Dspring.liveBeansView.mbeanDomain -Dspring.application.admin.enabled=true -javaagent:C:\Program Files\JetBrains\IntelliJ IDEA 2022.1.3\lib\idea_rt.jar=55467:C:\Program Files\JetBrains\IntelliJ IDEA 2022.1.3\bin -Dfile.encoding=UTF-8 com.example.springmvc.demo.DemoApplication

Host: 11th Gen Intel(R) Core(TM) i5-1135G7 @ 2.40GHz, 8 cores, 7G,  Windows 10 , 64 bit Build 22000 (10.0.22000.708)
Time: Fri Jul  8 22:41:23 2022 SE Asia Standard Time elapsed time: 4 seconds (0d 0h 0m 4s)

---------------  T H R E A D  ---------------

Current thread (0x0000012f1ba6e800):  VMThread "VM Thread" [stack: 0x0000002985300000,0x0000002985400000] [id=11760]

Stack: [0x0000002985300000,0x0000002985400000]
[error occurred during error reporting (printing stack bounds), id 0xc0000005, EXCEPTION_ACCESS_VIOLATION (0xc0000005) at pc=0x0000012f08250bad]

Native frames: (J=compiled Java code, j=interpreted, Vv=VM code, C=native code)
V  [jvm.dll+0x63c21a]
V  [jvm.dll+0x7797df]
V  [jvm.dll+0x77adca]
V  [jvm.dll+0x77b3e5]
V  [jvm.dll+0x77b39b]
V  [jvm.dll+0x63b916]
V  [jvm.dll+0x63bce8]
C  [ntdll.dll+0xa8e4f]
C  [ntdll.dll+0x35e9a]
C  [ntdll.dll+0xa7e5e]
C  0x0000012f08250bad

VM_Operation (0x0000002984dfa8f0): CollectForMetadataAllocation, mode: safepoint, requested by thread 0x0000012f7d033800


---------------  P R O C E S S  ---------------

Threads class SMR info:
_java_thread_list=0x0000012f1df046c0, length=21, elements={
0x0000012f7d033800, 0x0000012f1ba71800, 0x0000012f1baa0000, 0x0000012f1c413800,
0x0000012f1baaa000, 0x0000012f1baad000, 0x0000012f1baae000, 0x0000012f1ba2a800,
0x0000012f1c53b000, 0x0000012f1c53b800, 0x0000012f1c7b9800, 0x0000012f1c7ba800,
0x0000012f1cbca000, 0x0000012f1daf1000, 0x0000012f1dc61800, 0x0000012f1e694800,
0x0000012f1e695800, 0x0000012f1e696000, 0x0000012f1e697000, 0x0000012f1e877800,
0x0000012f1e8dc000
}

Java Threads: ( => current thread )
  0x0000012f7d033800 JavaThread "main" [_thread_blocked, id=16508, stack(0x0000002984d00000,0x0000002984e00000)]
  0x0000012f1ba71800 JavaThread "Reference Handler" daemon [_thread_blocked, id=13368, stack(0x0000002985400000,0x0000002985500000)]
  0x0000012f1baa0000 JavaThread "Finalizer" daemon [_thread_blocked, id=13772, stack(0x0000002985500000,0x0000002985600000)]
  0x0000012f1c413800 JavaThread "Signal Dispatcher" daemon [_thread_blocked, id=7132, stack(0x0000002985700000,0x0000002985800000)]
  0x0000012f1baaa000 JavaThread "Attach Listener" daemon [_thread_blocked, id=8892, stack(0x0000002985800000,0x0000002985900000)]
  0x0000012f1baad000 JavaThread "C1 CompilerThread0" daemon [_thread_blocked, id=580, stack(0x0000002985900000,0x0000002985a00000)]
  0x0000012f1baae000 JavaThread "Sweeper thread" daemon [_thread_blocked, id=11236, stack(0x0000002985a00000,0x0000002985b00000)]
  0x0000012f1ba2a800 JavaThread "Common-Cleaner" daemon [_thread_blocked, id=21644, stack(0x0000002985b00000,0x0000002985c00000)]
  0x0000012f1c53b000 JavaThread "C1 CompilerThread1" daemon [_thread_blocked, id=13880, stack(0x0000002985c00000,0x0000002985d00000)]
  0x0000012f1c53b800 JavaThread "C1 CompilerThread2" daemon [_thread_blocked, id=1548, stack(0x0000002985d00000,0x0000002985e00000)]
  0x0000012f1c7b9800 JavaThread "Monitor Ctrl-Break" daemon [_thread_in_native, id=5312, stack(0x0000002985e00000,0x0000002985f00000)]
  0x0000012f1c7ba800 JavaThread "Service Thread" daemon [_thread_blocked, id=19656, stack(0x0000002985f00000,0x0000002986000000)]
  0x0000012f1cbca000 JavaThread "RMI TCP Accept-0" daemon [_thread_in_native, id=8588, stack(0x0000002986000000,0x0000002986100000)]
  0x0000012f1daf1000 JavaThread "RMI TCP Connection(1)-192.168.1.75" daemon [_thread_in_native, id=18252, stack(0x0000002986400000,0x0000002986500000)]
  0x0000012f1dc61800 JavaThread "RMI Scheduler(0)" daemon [_thread_blocked, id=6604, stack(0x0000002986500000,0x0000002986600000)]
  0x0000012f1e694800 JavaThread "Catalina-utility-1" [_thread_blocked, id=936, stack(0x0000002986300000,0x0000002986400000)]
  0x0000012f1e695800 JavaThread "Catalina-utility-2" [_thread_blocked, id=10016, stack(0x0000002986600000,0x0000002986700000)]
  0x0000012f1e696000 JavaThread "container-0" [_thread_blocked, id=16756, stack(0x0000002986c00000,0x0000002986d00000)]
  0x0000012f1e697000 JavaThread "mysql-cj-abandoned-connection-cleanup" daemon [_thread_blocked, id=13156, stack(0x0000002986d00000,0x0000002986e00000)]
  0x0000012f1e877800 JavaThread "HikariPool-1 housekeeper" daemon [_thread_blocked, id=7856, stack(0x0000002986f00000,0x0000002987000000)]
  0x0000012f1e8dc000 JavaThread "HikariPool-1 connection adder" daemon [_thread_blocked, id=21760, stack(0x0000002987000000,0x0000002987100000)]

Other Threads:
=>0x0000012f1ba6e800 VMThread "VM Thread" [stack: 0x0000002985300000,0x0000002985400000] [id=11760]
  0x0000012f1cb5a800 WatcherThread [stack: 0x0000002986100000,0x0000002986200000] [id=10708]
  0x0000012f7d04d800 GCTaskThread "GC Thread#0" [stack: 0x0000002984e00000,0x0000002984f00000] [id=11320]
  0x0000012f1cf13000 GCTaskThread "GC Thread#1" [stack: 0x0000002986200000,0x0000002986300000] [id=6452]
  0x0000012f1dc80000 GCTaskThread "GC Thread#2" [stack: 0x0000002986700000,0x0000002986800000] [id=15884]
  0x0000012f1dcc6000 GCTaskThread "GC Thread#3" [stack: 0x0000002986800000,0x0000002986900000] [id=13516]
  0x0000012f1dee1000 GCTaskThread "GC Thread#4" [stack: 0x0000002986a00000,0x0000002986b00000] [id=12464]
  0x0000012f1dee2000 GCTaskThread "GC Thread#5" [stack: 0x0000002986b00000,0x0000002986c00000] [id=19228]
  0x0000012f2076a800 GCTaskThread "GC Thread#6" [stack: 0x0000002987100000,0x0000002987200000] [id=12992]
  0x0000012f207e1800 GCTaskThread "GC Thread#7" [stack: 0x0000002987200000,0x0000002987300000] [id=13316]
  0x0000012f7d07d800 ConcurrentGCThread "G1 Main Marker" [stack: 0x0000002984f00000,0x0000002985000000] [id=18320]
  0x0000012f7d080000 ConcurrentGCThread "G1 Conc#0" [stack: 0x0000002985000000,0x0000002985100000] [id=18828]
  0x0000012f1dcc5000 ConcurrentGCThread "G1 Conc#1" [stack: 0x0000002986900000,0x0000002986a00000] [id=15464]
  0x0000012f1b8ca800 ConcurrentGCThread "G1 Refine#0" [stack: 0x0000002985100000,0x0000002985200000] [id=18744]
  0x0000012f1b8cb000 ConcurrentGCThread "G1 Young RemSet Sampling" [stack: 0x0000002985200000,0x0000002985300000] [id=18968]

Threads with active compile tasks:

VM state:at safepoint (normal execution)

VM Mutex/Monitor currently owned by a thread:  ([mutex/lock_event])
[0x0000012f7d0329a0] Threads_lock - owner thread: 0x0000012f1ba6e800
[0x0000012f7d032e20] Heap_lock - owner thread: 0x0000012f7d033800

Heap address: 0x0000000084400000, size: 1980 MB, Compressed Oops mode: 32-bit
Narrow klass base: 0x0000000000000000, Narrow klass shift: 3
Compressed class space size: 1073741824 Address: 0x0000000100000000

Heap:
 garbage-first heap   total 183296K, used 23806K [0x0000000084400000, 0x0000000100000000)
  region size 1024K, 8 young (8192K), 8 survivors (8192K)
 Metaspace       used 58522K, capacity 60254K, committed 60284K, reserved 1101824K
  class space    used 7676K, capacity 8380K, committed 8396K, reserved 1048576K
Heap Regions: E=young(eden), S=young(survivor), O=old, HS=humongous(starts), HC=humongous(continues), CS=collection set, F=free, A=archive, TAMS=top-at-mark-start (previous, next)
|   0|0x0000000084400000, 0x0000000084500000, 0x0000000084500000|100%|HS|  |TAMS 0x0000000084500000, 0x0000000084500000| Complete 
|   1|0x0000000084500000, 0x0000000084600000, 0x0000000084600000|100%| O|  |TAMS 0x0000000084600000, 0x0000000084600000| Untracked 
|   2|0x0000000084600000, 0x0000000084700000, 0x0000000084700000|100%| O|  |TAMS 0x0000000084700000, 0x0000000084700000| Untracked 
|   3|0x0000000084700000, 0x0000000084800000, 0x0000000084800000|100%| O|  |TAMS 0x0000000084800000, 0x0000000084800000| Untracked 
|   4|0x0000000084800000, 0x0000000084900000, 0x0000000084900000|100%| O|  |TAMS 0x0000000084900000, 0x0000000084900000| Untracked 
|   5|0x0000000084900000, 0x0000000084a00000, 0x0000000084a00000|100%| O|  |TAMS 0x0000000084a00000, 0x0000000084a00000| Untracked 
|   6|0x0000000084a00000, 0x0000000084b00000, 0x0000000084b00000|100%| O|  |TAMS 0x0000000084b00000, 0x0000000084b00000| Untracked 
|   7|0x0000000084b00000, 0x0000000084c00000, 0x0000000084c00000|100%| O|  |TAMS 0x0000000084c00000, 0x0000000084c00000| Untracked 
|   8|0x0000000084c00000, 0x0000000084d00000, 0x0000000084d00000|100%| O|  |TAMS 0x0000000084d00000, 0x0000000084d00000| Untracked 
|   9|0x0000000084d00000, 0x0000000084e00000, 0x0000000084e00000|100%| O|  |TAMS 0x0000000084df1a00, 0x0000000084e00000| Untracked 
|  10|0x0000000084e00000, 0x0000000084f00000, 0x0000000084f00000|100%| O|  |TAMS 0x0000000084e00000, 0x0000000084f00000| Untracked 
|  11|0x0000000084f00000, 0x0000000085000000, 0x0000000085000000|100%| O|  |TAMS 0x0000000084f00000, 0x0000000085000000| Untracked 
|  12|0x0000000085000000, 0x0000000085100000, 0x0000000085100000|100%| O|  |TAMS 0x0000000085000000, 0x0000000085100000| Untracked 
|  13|0x0000000085100000, 0x0000000085200000, 0x0000000085200000|100%| O|  |TAMS 0x0000000085100000, 0x0000000085200000| Untracked 
|  14|0x0000000085200000, 0x0000000085300000, 0x0000000085300000|100%| O|  |TAMS 0x0000000085200000, 0x0000000085300000| Untracked 
|  15|0x0000000085300000, 0x00000000853a1800, 0x0000000085400000| 63%| O|  |TAMS 0x0000000085300000, 0x00000000853a1800| Untracked 
|  16|0x0000000085400000, 0x0000000085400000, 0x0000000085500000|  0%| F|  |TAMS 0x0000000085400000, 0x0000000085400000| Untracked 
|  17|0x0000000085500000, 0x0000000085500000, 0x0000000085600000|  0%| F|  |TAMS 0x0000000085500000, 0x0000000085500000| Untracked 
|  18|0x0000000085600000, 0x0000000085600000, 0x0000000085700000|  0%| F|  |TAMS 0x0000000085600000, 0x0000000085600000| Untracked 
|  19|0x0000000085700000, 0x0000000085700000, 0x0000000085800000|  0%| F|  |TAMS 0x0000000085700000, 0x0000000085700000| Untracked 
|  20|0x0000000085800000, 0x0000000085800000, 0x0000000085900000|  0%| F|  |TAMS 0x0000000085800000, 0x0000000085800000| Untracked 
|  21|0x0000000085900000, 0x0000000085900000, 0x0000000085a00000|  0%| F|  |TAMS 0x0000000085900000, 0x0000000085900000| Untracked 
|  22|0x0000000085a00000, 0x0000000085a00000, 0x0000000085b00000|  0%| F|  |TAMS 0x0000000085a00000, 0x0000000085a00000| Untracked 
|  23|0x0000000085b00000, 0x0000000085b00000, 0x0000000085c00000|  0%| F|  |TAMS 0x0000000085b00000, 0x0000000085b00000| Untracked 
|  24|0x0000000085c00000, 0x0000000085c00000, 0x0000000085d00000|  0%| F|  |TAMS 0x0000000085c00000, 0x0000000085c00000| Untracked 
|  25|0x0000000085d00000, 0x0000000085d00000, 0x0000000085e00000|  0%| F|  |TAMS 0x0000000085d00000, 0x0000000085d00000| Untracked 
|  26|0x0000000085e00000, 0x0000000085e00000, 0x0000000085f00000|  0%| F|  |TAMS 0x0000000085e00000, 0x0000000085e00000| Untracked 
|  27|0x0000000085f00000, 0x0000000085f00000, 0x0000000086000000|  0%| F|  |TAMS 0x0000000085f00000, 0x0000000085f00000| Untracked 
|  28|0x0000000086000000, 0x0000000086000000, 0x0000000086100000|  0%| F|  |TAMS 0x0000000086000000, 0x0000000086000000| Untracked 
|  29|0x0000000086100000, 0x0000000086100000, 0x0000000086200000|  0%| F|  |TAMS 0x0000000086100000, 0x0000000086100000| Untracked 
|  30|0x0000000086200000, 0x0000000086200000, 0x0000000086300000|  0%| F|  |TAMS 0x0000000086200000, 0x0000000086200000| Untracked 
|  31|0x0000000086300000, 0x0000000086300000, 0x0000000086400000|  0%| F|  |TAMS 0x0000000086300000, 0x0000000086300000| Untracked 
|  32|0x0000000086400000, 0x0000000086400000, 0x0000000086500000|  0%| F|  |TAMS 0x0000000086400000, 0x0000000086400000| Untracked 
|  33|0x0000000086500000, 0x0000000086500000, 0x0000000086600000|  0%| F|  |TAMS 0x0000000086500000, 0x0000000086500000| Untracked 
|  34|0x0000000086600000, 0x0000000086600000, 0x0000000086700000|  0%| F|  |TAMS 0x0000000086600000, 0x0000000086600000| Untracked 
|  35|0x0000000086700000, 0x0000000086700000, 0x0000000086800000|  0%| F|  |TAMS 0x0000000086700000, 0x0000000086700000| Untracked 
|  36|0x0000000086800000, 0x0000000086800000, 0x0000000086900000|  0%| F|  |TAMS 0x0000000086800000, 0x0000000086800000| Untracked 
|  37|0x0000000086900000, 0x0000000086900000, 0x0000000086a00000|  0%| F|  |TAMS 0x0000000086900000, 0x0000000086900000| Untracked 
|  38|0x0000000086a00000, 0x0000000086a00000, 0x0000000086b00000|  0%| F|  |TAMS 0x0000000086a00000, 0x0000000086a00000| Untracked 
|  39|0x0000000086b00000, 0x0000000086b00000, 0x0000000086c00000|  0%| F|  |TAMS 0x0000000086b00000, 0x0000000086b00000| Untracked 
|  40|0x0000000086c00000, 0x0000000086c00000, 0x0000000086d00000|  0%| F|  |TAMS 0x0000000086c00000, 0x0000000086c00000| Untracked 
|  41|0x0000000086d00000, 0x0000000086d00000, 0x0000000086e00000|  0%| F|  |TAMS 0x0000000086d00000, 0x0000000086d00000| Untracked 
|  42|0x0000000086e00000, 0x0000000086e00000, 0x0000000086f00000|  0%| F|  |TAMS 0x0000000086e00000, 0x0000000086e00000| Untracked 
|  43|0x0000000086f00000, 0x0000000086f00000, 0x0000000087000000|  0%| F|  |TAMS 0x0000000086f00000, 0x0000000086f00000| Untracked 
|  44|0x0000000087000000, 0x0000000087000000, 0x0000000087100000|  0%| F|  |TAMS 0x0000000087000000, 0x0000000087000000| Untracked 
|  45|0x0000000087100000, 0x0000000087100000, 0x0000000087200000|  0%| F|  |TAMS 0x0000000087100000, 0x0000000087100000| Untracked 
|  46|0x0000000087200000, 0x0000000087200000, 0x0000000087300000|  0%| F|  |TAMS 0x0000000087200000, 0x0000000087200000| Untracked 
|  47|0x0000000087300000, 0x0000000087300000, 0x0000000087400000|  0%| F|  |TAMS 0x0000000087300000, 0x0000000087300000| Untracked 
|  48|0x0000000087400000, 0x0000000087400000, 0x0000000087500000|  0%| F|  |TAMS 0x0000000087400000, 0x0000000087400000| Untracked 
|  49|0x0000000087500000, 0x0000000087500000, 0x0000000087600000|  0%| F|  |TAMS 0x0000000087500000, 0x0000000087500000| Untracked 
|  50|0x0000000087600000, 0x0000000087600000, 0x0000000087700000|  0%| F|  |TAMS 0x0000000087600000, 0x0000000087600000| Untracked 
|  51|0x0000000087700000, 0x0000000087700000, 0x0000000087800000|  0%| F|  |TAMS 0x0000000087700000, 0x0000000087700000| Untracked 
|  52|0x0000000087800000, 0x0000000087800000, 0x0000000087900000|  0%| F|  |TAMS 0x0000000087800000, 0x0000000087800000| Untracked 
|  53|0x0000000087900000, 0x0000000087900000, 0x0000000087a00000|  0%| F|  |TAMS 0x0000000087900000, 0x0000000087900000| Untracked 
|  54|0x0000000087a00000, 0x0000000087a00000, 0x0000000087b00000|  0%| F|  |TAMS 0x0000000087a00000, 0x0000000087a00000| Untracked 
|  55|0x0000000087b00000, 0x0000000087b00000, 0x0000000087c00000|  0%| F|  |TAMS 0x0000000087b00000, 0x0000000087b00000| Untracked 
|  56|0x0000000087c00000, 0x0000000087c00000, 0x0000000087d00000|  0%| F|  |TAMS 0x0000000087c00000, 0x0000000087c00000| Untracked 
|  57|0x0000000087d00000, 0x0000000087d00000, 0x0000000087e00000|  0%| F|  |TAMS 0x0000000087d00000, 0x0000000087d00000| Untracked 
|  58|0x0000000087e00000, 0x0000000087e00000, 0x0000000087f00000|  0%| F|  |TAMS 0x0000000087e00000, 0x0000000087e00000| Untracked 
|  59|0x0000000087f00000, 0x0000000087f00000, 0x0000000088000000|  0%| F|  |TAMS 0x0000000087f00000, 0x0000000087f00000| Untracked 
|  60|0x0000000088000000, 0x0000000088000000, 0x0000000088100000|  0%| F|  |TAMS 0x0000000088000000, 0x0000000088000000| Untracked 
|  61|0x0000000088100000, 0x0000000088100000, 0x0000000088200000|  0%| F|  |TAMS 0x0000000088100000, 0x0000000088100000| Untracked 
|  62|0x0000000088200000, 0x0000000088200000, 0x0000000088300000|  0%| F|  |TAMS 0x0000000088200000, 0x0000000088200000| Untracked 
|  63|0x0000000088300000, 0x0000000088300000, 0x0000000088400000|  0%| F|  |TAMS 0x0000000088300000, 0x0000000088300000| Untracked 
|  64|0x0000000088400000, 0x0000000088400000, 0x0000000088500000|  0%| F|  |TAMS 0x0000000088400000, 0x0000000088400000| Untracked 
|  65|0x0000000088500000, 0x0000000088500000, 0x0000000088600000|  0%| F|  |TAMS 0x0000000088500000, 0x0000000088500000| Untracked 
|  66|0x0000000088600000, 0x0000000088600000, 0x0000000088700000|  0%| F|  |TAMS 0x0000000088600000, 0x0000000088600000| Untracked 
|  67|0x0000000088700000, 0x0000000088700000, 0x0000000088800000|  0%| F|  |TAMS 0x0000000088700000, 0x0000000088700000| Untracked 
|  68|0x0000000088800000, 0x0000000088800000, 0x0000000088900000|  0%| F|  |TAMS 0x0000000088800000, 0x0000000088800000| Untracked 
|  69|0x0000000088900000, 0x0000000088900000, 0x0000000088a00000|  0%| F|  |TAMS 0x0000000088900000, 0x0000000088900000| Untracked 
|  70|0x0000000088a00000, 0x0000000088a00000, 0x0000000088b00000|  0%| F|  |TAMS 0x0000000088a00000, 0x0000000088a00000| Untracked 
|  71|0x0000000088b00000, 0x0000000088b00000, 0x0000000088c00000|  0%| F|  |TAMS 0x0000000088b00000, 0x0000000088b00000| Untracked 
|  72|0x0000000088c00000, 0x0000000088c00000, 0x0000000088d00000|  0%| F|  |TAMS 0x0000000088c00000, 0x0000000088c00000| Untracked 
|  73|0x0000000088d00000, 0x0000000088d00000, 0x0000000088e00000|  0%| F|  |TAMS 0x0000000088d00000, 0x0000000088d00000| Untracked 
|  74|0x0000000088e00000, 0x0000000088e00000, 0x0000000088f00000|  0%| F|  |TAMS 0x0000000088e00000, 0x0000000088e00000| Untracked 
|  75|0x0000000088f00000, 0x0000000088f00000, 0x0000000089000000|  0%| F|  |TAMS 0x0000000088f00000, 0x0000000088f00000| Untracked 
|  76|0x0000000089000000, 0x0000000089000000, 0x0000000089100000|  0%| F|  |TAMS 0x0000000089000000, 0x0000000089000000| Untracked 
|  77|0x0000000089100000, 0x0000000089100000, 0x0000000089200000|  0%| F|  |TAMS 0x0000000089100000, 0x0000000089100000| Untracked 
|  78|0x0000000089200000, 0x0000000089200000, 0x0000000089300000|  0%| F|  |TAMS 0x0000000089200000, 0x0000000089200000| Untracked 
|  79|0x0000000089300000, 0x0000000089300000, 0x0000000089400000|  0%| F|  |TAMS 0x0000000089300000, 0x0000000089300000| Untracked 
|  80|0x0000000089400000, 0x0000000089400000, 0x0000000089500000|  0%| F|  |TAMS 0x0000000089400000, 0x0000000089400000| Untracked 
|  81|0x0000000089500000, 0x0000000089500000, 0x0000000089600000|  0%| F|  |TAMS 0x0000000089500000, 0x0000000089500000| Untracked 
|  82|0x0000000089600000, 0x0000000089600000, 0x0000000089700000|  0%| F|  |TAMS 0x0000000089600000, 0x0000000089600000| Untracked 
|  83|0x0000000089700000, 0x0000000089700000, 0x0000000089800000|  0%| F|  |TAMS 0x0000000089700000, 0x0000000089700000| Untracked 
|  84|0x0000000089800000, 0x0000000089800000, 0x0000000089900000|  0%| F|  |TAMS 0x0000000089800000, 0x0000000089800000| Untracked 
|  85|0x0000000089900000, 0x0000000089900000, 0x0000000089a00000|  0%| F|  |TAMS 0x0000000089900000, 0x0000000089900000| Untracked 
|  86|0x0000000089a00000, 0x0000000089a00000, 0x0000000089b00000|  0%| F|  |TAMS 0x0000000089a00000, 0x0000000089a00000| Untracked 
|  87|0x0000000089b00000, 0x0000000089b00000, 0x0000000089c00000|  0%| F|  |TAMS 0x0000000089b00000, 0x0000000089b00000| Untracked 
|  88|0x0000000089c00000, 0x0000000089c00000, 0x0000000089d00000|  0%| F|  |TAMS 0x0000000089c00000, 0x0000000089c00000| Untracked 
|  89|0x0000000089d00000, 0x0000000089d00000, 0x0000000089e00000|  0%| F|  |TAMS 0x0000000089d00000, 0x0000000089d00000| Untracked 
|  90|0x0000000089e00000, 0x0000000089e00000, 0x0000000089f00000|  0%| F|  |TAMS 0x0000000089e00000, 0x0000000089e00000| Untracked 
|  91|0x0000000089f00000, 0x0000000089f9e0a0, 0x000000008a000000| 61%| S|CS|TAMS 0x0000000089f00000, 0x0000000089f00000| Complete 
|  92|0x000000008a000000, 0x000000008a100000, 0x000000008a100000|100%| S|CS|TAMS 0x000000008a000000, 0x000000008a000000| Complete 
|  93|0x000000008a100000, 0x000000008a200000, 0x000000008a200000|100%| S|CS|TAMS 0x000000008a100000, 0x000000008a100000| Complete 
|  94|0x000000008a200000, 0x000000008a300000, 0x000000008a300000|100%| S|CS|TAMS 0x000000008a200000, 0x000000008a200000| Complete 
|  95|0x000000008a300000, 0x000000008a400000, 0x000000008a400000|100%| S|CS|TAMS 0x000000008a300000, 0x000000008a300000| Complete 
|  96|0x000000008a400000, 0x000000008a500000, 0x000000008a500000|100%| S|CS|TAMS 0x000000008a400000, 0x000000008a400000| Complete 
|  97|0x000000008a500000, 0x000000008a600000, 0x000000008a600000|100%| S|CS|TAMS 0x000000008a500000, 0x000000008a500000| Complete 
|  98|0x000000008a600000, 0x000000008a700000, 0x000000008a700000|100%| S|CS|TAMS 0x000000008a600000, 0x000000008a600000| Complete 
|  99|0x000000008a700000, 0x000000008a700000, 0x000000008a800000|  0%| F|  |TAMS 0x000000008a700000, 0x000000008a700000| Untracked 
| 100|0x000000008a800000, 0x000000008a800000, 0x000000008a900000|  0%| F|  |TAMS 0x000000008a800000, 0x000000008a800000| Untracked 
| 101|0x000000008a900000, 0x000000008a900000, 0x000000008aa00000|  0%| F|  |TAMS 0x000000008a900000, 0x000000008a900000| Untracked 
| 102|0x000000008aa00000, 0x000000008aa00000, 0x000000008ab00000|  0%| F|  |TAMS 0x000000008aa00000, 0x000000008aa00000| Untracked 
| 103|0x000000008ab00000, 0x000000008ab00000, 0x000000008ac00000|  0%| F|  |TAMS 0x000000008ab00000, 0x000000008ab00000| Untracked 
| 104|0x000000008ac00000, 0x000000008ac00000, 0x000000008ad00000|  0%| F|  |TAMS 0x000000008ac00000, 0x000000008ac00000| Untracked 
| 105|0x000000008ad00000, 0x000000008ad00000, 0x000000008ae00000|  0%| F|  |TAMS 0x000000008ad00000, 0x000000008ad00000| Untracked 
| 106|0x000000008ae00000, 0x000000008ae00000, 0x000000008af00000|  0%| F|  |TAMS 0x000000008ae00000, 0x000000008ae00000| Untracked 
| 107|0x000000008af00000, 0x000000008af00000, 0x000000008b000000|  0%| F|  |TAMS 0x000000008af00000, 0x000000008af00000| Untracked 
| 108|0x000000008b000000, 0x000000008b000000, 0x000000008b100000|  0%| F|  |TAMS 0x000000008b000000, 0x000000008b000000| Untracked 
| 109|0x000000008b100000, 0x000000008b100000, 0x000000008b200000|  0%| F|  |TAMS 0x000000008b100000, 0x000000008b100000| Untracked 
| 110|0x000000008b200000, 0x000000008b200000, 0x000000008b300000|  0%| F|  |TAMS 0x000000008b200000, 0x000000008b200000| Untracked 
| 111|0x000000008b300000, 0x000000008b300000, 0x000000008b400000|  0%| F|  |TAMS 0x000000008b300000, 0x000000008b300000| Untracked 
| 112|0x000000008b400000, 0x000000008b400000, 0x000000008b500000|  0%| F|  |TAMS 0x000000008b400000, 0x000000008b400000| Untracked 
| 113|0x000000008b500000, 0x000000008b500000, 0x000000008b600000|  0%| F|  |TAMS 0x000000008b500000, 0x000000008b500000| Untracked 
| 114|0x000000008b600000, 0x000000008b600000, 0x000000008b700000|  0%| F|  |TAMS 0x000000008b600000, 0x000000008b600000| Untracked 
| 115|0x000000008b700000, 0x000000008b700000, 0x000000008b800000|  0%| F|  |TAMS 0x000000008b700000, 0x000000008b700000| Untracked 
| 116|0x000000008b800000, 0x000000008b800000, 0x000000008b900000|  0%| F|  |TAMS 0x000000008b800000, 0x000000008b800000| Untracked 
| 117|0x000000008b900000, 0x000000008b900000, 0x000000008ba00000|  0%| F|  |TAMS 0x000000008b900000, 0x000000008b900000| Untracked 
| 118|0x000000008ba00000, 0x000000008ba00000, 0x000000008bb00000|  0%| F|  |TAMS 0x000000008ba00000, 0x000000008ba00000| Untracked 
| 119|0x000000008bb00000, 0x000000008bb00000, 0x000000008bc00000|  0%| F|  |TAMS 0x000000008bb00000, 0x000000008bb00000| Untracked 
| 120|0x000000008bc00000, 0x000000008bc00000, 0x000000008bd00000|  0%| F|  |TAMS 0x000000008bc00000, 0x000000008bc00000| Untracked 
| 121|0x000000008bd00000, 0x000000008bd00000, 0x000000008be00000|  0%| F|  |TAMS 0x000000008bd00000, 0x000000008bd00000| Untracked 
| 122|0x000000008be00000, 0x000000008be00000, 0x000000008bf00000|  0%| F|  |TAMS 0x000000008be00000, 0x000000008be00000| Untracked 
| 123|0x000000008bf00000, 0x000000008bf00000, 0x000000008c000000|  0%| F|  |TAMS 0x000000008bf00000, 0x000000008bf00000| Untracked 
| 124|0x000000008c000000, 0x000000008c000000, 0x000000008c100000|  0%| F|  |TAMS 0x000000008c000000, 0x000000008c000000| Untracked 
| 125|0x000000008c100000, 0x000000008c100000, 0x000000008c200000|  0%| F|  |TAMS 0x000000008c100000, 0x000000008c100000| Untracked 
| 126|0x000000008c200000, 0x000000008c200000, 0x000000008c300000|  0%| F|  |TAMS 0x000000008c200000, 0x000000008c200000| Untracked 
| 127|0x000000008c300000, 0x000000008c300000, 0x000000008c400000|  0%| F|  |TAMS 0x000000008c300000, 0x000000008c300000| Untracked 
| 128|0x000000008c400000, 0x000000008c400000, 0x000000008c500000|  0%| F|  |TAMS 0x000000008c400000, 0x000000008c400000| Untracked 
| 129|0x000000008c500000, 0x000000008c500000, 0x000000008c600000|  0%| F|  |TAMS 0x000000008c500000, 0x000000008c500000| Untracked 
| 130|0x000000008c600000, 0x000000008c600000, 0x000000008c700000|  0%| F|  |TAMS 0x000000008c600000, 0x000000008c600000| Untracked 
| 131|0x000000008c700000, 0x000000008c700000, 0x000000008c800000|  0%| F|  |TAMS 0x000000008c700000, 0x000000008c700000| Untracked 
| 132|0x000000008c800000, 0x000000008c800000, 0x000000008c900000|  0%| F|  |TAMS 0x000000008c800000, 0x000000008c800000| Untracked 
| 133|0x000000008c900000, 0x000000008c900000, 0x000000008ca00000|  0%| F|  |TAMS 0x000000008c900000, 0x000000008c900000| Untracked 
| 134|0x000000008ca00000, 0x000000008ca00000, 0x000000008cb00000|  0%| F|  |TAMS 0x000000008ca00000, 0x000000008ca00000| Untracked 
| 135|0x000000008cb00000, 0x000000008cb00000, 0x000000008cc00000|  0%| F|  |TAMS 0x000000008cb00000, 0x000000008cb00000| Untracked 
| 136|0x000000008cc00000, 0x000000008cc00000, 0x000000008cd00000|  0%| F|  |TAMS 0x000000008cc00000, 0x000000008cc00000| Untracked 
| 137|0x000000008cd00000, 0x000000008cd00000, 0x000000008ce00000|  0%| F|  |TAMS 0x000000008cd00000, 0x000000008cd00000| Untracked 
| 138|0x000000008ce00000, 0x000000008ce00000, 0x000000008cf00000|  0%| F|  |TAMS 0x000000008ce00000, 0x000000008ce00000| Untracked 
| 139|0x000000008cf00000, 0x000000008cf00000, 0x000000008d000000|  0%| F|  |TAMS 0x000000008cf00000, 0x000000008cf00000| Untracked 
| 140|0x000000008d000000, 0x000000008d000000, 0x000000008d100000|  0%| F|  |TAMS 0x000000008d000000, 0x000000008d000000| Untracked 
| 141|0x000000008d100000, 0x000000008d100000, 0x000000008d200000|  0%| F|  |TAMS 0x000000008d100000, 0x000000008d100000| Untracked 
| 142|0x000000008d200000, 0x000000008d200000, 0x000000008d300000|  0%| F|  |TAMS 0x000000008d200000, 0x000000008d200000| Untracked 
| 143|0x000000008d300000, 0x000000008d300000, 0x000000008d400000|  0%| F|  |TAMS 0x000000008d300000, 0x000000008d300000| Untracked 
| 144|0x000000008d400000, 0x000000008d400000, 0x000000008d500000|  0%| F|  |TAMS 0x000000008d400000, 0x000000008d400000| Untracked 
| 145|0x000000008d500000, 0x000000008d500000, 0x000000008d600000|  0%| F|  |TAMS 0x000000008d500000, 0x000000008d500000| Untracked 
| 146|0x000000008d600000, 0x000000008d600000, 0x000000008d700000|  0%| F|  |TAMS 0x000000008d600000, 0x000000008d600000| Untracked 
| 147|0x000000008d700000, 0x000000008d700000, 0x000000008d800000|  0%| F|  |TAMS 0x000000008d700000, 0x000000008d700000| Untracked 
| 148|0x000000008d800000, 0x000000008d800000, 0x000000008d900000|  0%| F|  |TAMS 0x000000008d800000, 0x000000008d800000| Untracked 

Card table byte_map: [0x0000012f7d820000,0x0000012f7dc00000] _byte_map_base: 0x0000012f7d3fe000

Marking Bits (Prev, Next): (CMBitMap*) 0x0000012f7d075348, (CMBitMap*) 0x0000012f7d075380
 Prev Bits: [0x0000012f7dfe0000, 0x0000012f7fed0000)
 Next Bits: [0x0000012f17250000, 0x0000012f19140000)

Polling page: 0x0000012f7c810000

Metaspace:

Usage:
  Non-class:     50.66 MB capacity,    49.65 MB ( 98%) used,   819.14 KB (  2%) free+waste,   209.31 KB ( <1%) overhead. 
      Class:      8.18 MB capacity,     7.50 MB ( 92%) used,   599.59 KB (  7%) free+waste,   103.75 KB (  1%) overhead. 
       Both:     58.84 MB capacity,    57.15 MB ( 97%) used,     1.39 MB (  2%) free+waste,   313.06 KB ( <1%) overhead. 

Virtual space:
  Non-class space:       52.00 MB reserved,      50.67 MB ( 97%) committed 
      Class space:        1.00 GB reserved,       8.20 MB ( <1%) committed 
             Both:        1.05 GB reserved,      58.87 MB (  5%) committed 

Chunk freelists:
   Non-Class:  1.75 KB
       Class:  0 bytes
        Both:  1.75 KB

CodeHeap 'non-profiled nmethods': size=238336Kb used=8269Kb max_used=8269Kb free=230066Kb
 bounds [0x0000012f08990000, 0x0000012f091b0000, 0x0000012f17250000]
CodeHeap 'non-nmethods': size=7424Kb used=2369Kb max_used=2369Kb free=5054Kb
 bounds [0x0000012f08250000, 0x0000012f084c0000, 0x0000012f08990000]
 total_blobs=5659 nmethods=5010 adapters=536
 compilation: enabled
              stopped_count=0, restarted_count=0
 full_count=0

Compilation events (10 events):
Event: 4.421 Thread 0x0000012f1c53b000 5026       1       java.util.stream.Streams$ConcatSpliterator::<init> (47 bytes)
Event: 4.421 Thread 0x0000012f1c53b800 nmethod 5025 0x0000012f091a1010 code [0x0000012f091a11c0, 0x0000012f091a12f0]
Event: 4.421 Thread 0x0000012f1c53b800 5027       1       java.util.stream.Streams::composedClose (10 bytes)
Event: 4.421 Thread 0x0000012f1c53b000 nmethod 5026 0x0000012f091a1390 code [0x0000012f091a1560, 0x0000012f091a17e0]
Event: 4.421 Thread 0x0000012f1c53b000 5028       1       java.util.stream.Streams$2::<init> (15 bytes)
Event: 4.421 Thread 0x0000012f1c53b800 nmethod 5027 0x0000012f091a1890 code [0x0000012f091a1a40, 0x0000012f091a1c38]
Event: 4.421 Thread 0x0000012f1c53b800 5029       1       java.util.stream.AbstractPipeline::onClose (52 bytes)
Event: 4.421 Thread 0x0000012f1c53b000 nmethod 5028 0x0000012f091a1d10 code [0x0000012f091a1ec0, 0x0000012f091a2078]
Event: 4.421 Thread 0x0000012f1baad000 nmethod 5024 0x0000012f091a2110 code [0x0000012f091a2360, 0x0000012f091a29a0]
Event: 4.421 Thread 0x0000012f1c53b800 nmethod 5029 0x0000012f091a2c90 code [0x0000012f091a2e80, 0x0000012f091a3210]

GC Heap History (10 events):
Event: 1.787 GC heap after
{Heap after GC invocations=5 (full 0):
 garbage-first heap   total 126976K, used 12215K [0x0000000084400000, 0x0000000100000000)
  region size 1024K, 5 young (5120K), 5 survivors (5120K)
 Metaspace       used 27846K, capacity 28754K, committed 28924K, reserved 1075200K
  class space    used 3432K, capacity 3789K, committed 3916K, reserved 1048576K
}
Event: 2.473 GC heap before
{Heap before GC invocations=5 (full 0):
 garbage-first heap   total 126976K, used 81847K [0x0000000084400000, 0x0000000100000000)
  region size 1024K, 73 young (74752K), 5 survivors (5120K)
 Metaspace       used 34390K, capacity 35603K, committed 35836K, reserved 1081344K
  class space    used 4407K, capacity 4914K, committed 4940K, reserved 1048576K
}
Event: 2.483 GC heap after
{Heap after GC invocations=6 (full 0):
 garbage-first heap   total 152576K, used 15182K [0x0000000084400000, 0x0000000100000000)
  region size 1024K, 8 young (8192K), 8 survivors (8192K)
 Metaspace       used 34390K, capacity 35603K, committed 35836K, reserved 1081344K
  class space    used 4407K, capacity 4914K, committed 4940K, reserved 1048576K
}
Event: 2.497 GC heap before
{Heap before GC invocations=6 (full 0):
 garbage-first heap   total 152576K, used 16206K [0x0000000084400000, 0x0000000100000000)
  region size 1024K, 10 young (10240K), 8 survivors (8192K)
 Metaspace       used 34609K, capacity 35830K, committed 35964K, reserved 1081344K
  class space    used 4427K, capacity 4947K, committed 5068K, reserved 1048576K
}
Event: 2.507 GC heap after
{Heap after GC invocations=7 (full 0):
 garbage-first heap   total 152576K, used 15302K [0x0000000084400000, 0x0000000100000000)
  region size 1024K, 5 young (5120K), 5 survivors (5120K)
 Metaspace       used 34609K, capacity 35830K, committed 35964K, reserved 1081344K
  class space    used 4427K, capacity 4947K, committed 5068K, reserved 1048576K
}
Event: 2.815 GC heap before
{Heap before GC invocations=8 (full 0):
 garbage-first heap   total 152576K, used 85958K [0x0000000084400000, 0x0000000100000000)
  region size 1024K, 75 young (76800K), 5 survivors (5120K)
 Metaspace       used 37568K, capacity 38880K, committed 39036K, reserved 1083392K
  class space    used 4769K, capacity 5307K, committed 5324K, reserved 1048576K
}
Event: 2.821 GC heap after
{Heap after GC invocations=9 (full 0):
 garbage-first heap   total 152576K, used 16678K [0x0000000084400000, 0x0000000100000000)
  region size 1024K, 7 young (7168K), 7 survivors (7168K)
 Metaspace       used 37568K, capacity 38880K, committed 39036K, reserved 1083392K
  class space    used 4769K, capacity 5307K, committed 5324K, reserved 1048576K
}
Event: 3.766 GC heap before
{Heap before GC invocations=9 (full 0):
 garbage-first heap   total 152576K, used 91430K [0x0000000084400000, 0x0000000100000000)
  region size 1024K, 80 young (81920K), 7 survivors (7168K)
 Metaspace       used 50923K, capacity 52471K, committed 52732K, reserved 1095680K
  class space    used 6565K, capacity 7175K, committed 7244K, reserved 1048576K
}
Event: 3.773 GC heap after
{Heap after GC invocations=10 (full 0):
 garbage-first heap   total 152576K, used 21177K [0x0000000084400000, 0x0000000100000000)
  region size 1024K, 10 young (10240K), 10 survivors (10240K)
 Metaspace       used 50923K, capacity 52471K, committed 52732K, reserved 1095680K
  class space    used 6565K, capacity 7175K, committed 7244K, reserved 1048576K
}
Event: 4.440 GC heap before
{Heap before GC invocations=10 (full 0):
 garbage-first heap   total 152576K, used 71353K [0x0000000084400000, 0x0000000100000000)
  region size 1024K, 60 young (61440K), 10 survivors (10240K)
 Metaspace       used 58522K, capacity 60254K, committed 60284K, reserved 1101824K
  class space    used 7676K, capacity 8380K, committed 8396K, reserved 1048576K
}

Deoptimization events (0 events):
No events

Classes redefined (0 events):
No events

Internal exceptions (10 events):
Event: 4.275 Thread 0x0000012f7d033800 Exception <a 'java/lang/ClassNotFoundException'{0x000000008b511400}: org/springframework/core/io/support/PropertiesLoaderSupportCustomizer> (0x000000008b511400) thrown at [t:/workspace/open/src/hotspot/share/classfile/systemDictionary.cpp, line 231]
Event: 4.275 Thread 0x0000012f7d033800 Exception <a 'java/lang/ClassNotFoundException'{0x000000008b52ed50}: org/springframework/beans/factory/config/PropertiesFactoryBeanCustomizer> (0x000000008b52ed50) thrown at [t:/workspace/open/src/hotspot/share/classfile/systemDictionary.cpp, line 231]
Event: 4.276 Thread 0x0000012f7d033800 Exception <a 'java/lang/ClassNotFoundException'{0x000000008b554408}: org/springframework/beans/factory/FactoryBeanCustomizer> (0x000000008b554408) thrown at [t:/workspace/open/src/hotspot/share/classfile/systemDictionary.cpp, line 231]
Event: 4.277 Thread 0x0000012f7d033800 Exception <a 'java/lang/ClassNotFoundException'{0x000000008b56a030}: org/springframework/beans/factory/InitializingBeanCustomizer> (0x000000008b56a030) thrown at [t:/workspace/open/src/hotspot/share/classfile/systemDictionary.cpp, line 231]
Event: 4.341 Thread 0x0000012f7d033800 Exception <a 'java/lang/IncompatibleClassChangeError'{0x000000008b0e1f08}: Found class java.lang.Object, but interface was expected> (0x000000008b0e1f08) thrown at [t:/workspace/open/src/hotspot/share/interpreter/linkResolver.cpp, line 856]
Event: 4.399 Thread 0x0000012f7d033800 Exception <a 'java/lang/ClassNotFoundException'{0x000000008ab6c6e8}: java/lang/ObjectCustomizer> (0x000000008ab6c6e8) thrown at [t:/workspace/open/src/hotspot/share/classfile/systemDictionary.cpp, line 231]
Event: 4.400 Thread 0x0000012f7d033800 Exception <a 'java/lang/ClassNotFoundException'{0x000000008ab812c0}: com/example/springmvc/demo/model/ProductCustomizer> (0x000000008ab812c0) thrown at [t:/workspace/open/src/hotspot/share/classfile/systemDictionary.cpp, line 231]
Event: 4.411 Thread 0x0000012f7d033800 Exception <a 'java/lang/NoSuchMethodError'{0x000000008aab8858}: java.lang.invoke.DirectMethodHandle$Holder.invokeVirtual(Ljava/lang/Object;Ljava/lang/Object;Ljava/lang/Object;)I> (0x000000008aab8858) thrown at [t:/workspace/open/src/hotspot/share/interpre
Event: 4.412 Thread 0x0000012f1daf1000 Exception <a 'java/lang/reflect/InvocationTargetException'{0x000000008a908340}> (0x000000008a908340) thrown at [t:/workspace/open/src/hotspot/share/runtime/reflection.cpp, line 1242]
Event: 4.433 Thread 0x0000012f7d033800 Exception <a 'java/lang/IncompatibleClassChangeError'{0x000000008a719fe0}: Found class java.lang.Object, but interface was expected> (0x000000008a719fe0) thrown at [t:/workspace/open/src/hotspot/share/interpreter/linkResolver.cpp, line 856]

Events (10 events):
Event: 4.437 loading class org/springframework/data/annotation/QueryAnnotation done
Event: 4.437 loading class org/springframework/data/jpa/domain/Specification
Event: 4.437 loading class org/springframework/data/jpa/domain/Specification done
Event: 4.438 loading class org/springframework/data/domain/Example
Event: 4.438 loading class org/springframework/data/domain/Example done
Event: 4.439 loading class org/springframework/data/domain/Sort
Event: 4.439 loading class org/springframework/data/domain/Sort done
Event: 4.439 loading class org/springframework/data/domain/Pageable
Event: 4.439 loading class org/springframework/data/domain/Pageable done
Event: 4.440 Executing VM operation: CollectForMetadataAllocation


Dynamic libraries:
0x00007ff6eafd0000 - 0x00007ff6eb017000 	C:\Program Files\Java\jdk-11.0.1\bin\java.exe
0x00007ffd919c0000 - 0x00007ffd91bc9000 	C:\WINDOWS\SYSTEM32\ntdll.dll
0x00007ffd8fba0000 - 0x00007ffd8fc5d000 	C:\WINDOWS\System32\KERNEL32.DLL
0x00007ffd8ef40000 - 0x00007ffd8f2b9000 	C:\WINDOWS\System32\KERNELBASE.dll
0x00007ffd918d0000 - 0x00007ffd9197e000 	C:\WINDOWS\System32\ADVAPI32.dll
0x00007ffd909e0000 - 0x00007ffd90a83000 	C:\WINDOWS\System32\msvcrt.dll
0x00007ffd8f940000 - 0x00007ffd8f9de000 	C:\WINDOWS\System32\sechost.dll
0x00007ffd906b0000 - 0x00007ffd907d0000 	C:\WINDOWS\System32\RPCRT4.dll
0x00007ffd907d0000 - 0x00007ffd9097c000 	C:\WINDOWS\System32\USER32.dll
0x00007ffd8eea0000 - 0x00007ffd8eec6000 	C:\WINDOWS\System32\win32u.dll
0x00007ffd91710000 - 0x00007ffd91739000 	C:\WINDOWS\System32\GDI32.dll
0x00007ffd8f360000 - 0x00007ffd8f472000 	C:\WINDOWS\System32\gdi32full.dll
0x00007ffd8f2c0000 - 0x00007ffd8f35d000 	C:\WINDOWS\System32\msvcp_win.dll
0x00007ffd8f730000 - 0x00007ffd8f841000 	C:\WINDOWS\System32\ucrtbase.dll
0x00007ffd6c100000 - 0x00007ffd6c3a5000 	C:\WINDOWS\WinSxS\amd64_microsoft.windows.common-controls_6595b64144ccf1df_6.0.22000.120_none_9d947278b86cc467\COMCTL32.dll
0x00007ffd86600000 - 0x00007ffd8660a000 	C:\WINDOWS\SYSTEM32\VERSION.dll
0x00007ffd8fc60000 - 0x00007ffd8fc91000 	C:\WINDOWS\System32\IMM32.DLL
0x00007ffd69350000 - 0x00007ffd69366000 	C:\Program Files\Java\jdk-11.0.1\bin\vcruntime140.dll
0x00007ffd4ad00000 - 0x00007ffd4adaa000 	C:\Program Files\Java\jdk-11.0.1\bin\msvcp140.dll
0x00007ffd23730000 - 0x00007ffd24272000 	C:\Program Files\Java\jdk-11.0.1\bin\server\jvm.dll
0x00007ffd91590000 - 0x00007ffd91598000 	C:\WINDOWS\System32\PSAPI.DLL
0x00007ffd06140000 - 0x00007ffd06149000 	C:\WINDOWS\SYSTEM32\WSOCK32.dll
0x00007ffd897d0000 - 0x00007ffd89803000 	C:\WINDOWS\SYSTEM32\WINMM.dll
0x00007ffd90ab0000 - 0x00007ffd90b1f000 	C:\WINDOWS\System32\WS2_32.dll
0x00007ffd8e010000 - 0x00007ffd8e028000 	C:\WINDOWS\SYSTEM32\kernel.appcore.dll
0x00007ffd675f0000 - 0x00007ffd67601000 	C:\Program Files\Java\jdk-11.0.1\bin\verify.dll
0x00007ffd7c680000 - 0x00007ffd7c8a1000 	C:\WINDOWS\SYSTEM32\DBGHELP.DLL
0x00007ffd7c640000 - 0x00007ffd7c671000 	C:\WINDOWS\SYSTEM32\dbgcore.DLL
0x00007ffd8f480000 - 0x00007ffd8f4ff000 	C:\WINDOWS\System32\bcryptPrimitives.dll
0x00007ffd67150000 - 0x00007ffd67179000 	C:\Program Files\Java\jdk-11.0.1\bin\java.dll
0x00007ffd82470000 - 0x00007ffd8249f000 	C:\Program Files\Java\jdk-11.0.1\bin\instrument.dll
0x00007ffd67130000 - 0x00007ffd67146000 	C:\Program Files\Java\jdk-11.0.1\bin\zip.dll
0x00007ffd69340000 - 0x00007ffd6934a000 	C:\Program Files\Java\jdk-11.0.1\bin\jimage.dll
0x00007ffd8fca0000 - 0x00007ffd90458000 	C:\WINDOWS\System32\SHELL32.dll
0x00007ffd8d010000 - 0x00007ffd8d878000 	C:\WINDOWS\SYSTEM32\windows.storage.dll
0x00007ffd91100000 - 0x00007ffd91479000 	C:\WINDOWS\System32\combase.dll
0x00007ffd8cea0000 - 0x00007ffd8d006000 	C:\WINDOWS\SYSTEM32\wintypes.dll
0x00007ffd8f850000 - 0x00007ffd8f93a000 	C:\WINDOWS\System32\SHCORE.dll
0x00007ffd90b20000 - 0x00007ffd90b7d000 	C:\WINDOWS\System32\shlwapi.dll
0x00007ffd8edd0000 - 0x00007ffd8edf1000 	C:\WINDOWS\SYSTEM32\profapi.dll
0x00007ffd67110000 - 0x00007ffd67129000 	C:\Program Files\Java\jdk-11.0.1\bin\net.dll
0x00007ffd8a220000 - 0x00007ffd8a32c000 	C:\WINDOWS\SYSTEM32\WINHTTP.dll
0x00007ffd8e470000 - 0x00007ffd8e4d7000 	C:\WINDOWS\system32\mswsock.dll
0x00007ffd623e0000 - 0x00007ffd623f3000 	C:\Program Files\Java\jdk-11.0.1\bin\nio.dll
0x00007ffd89020000 - 0x00007ffd8903a000 	C:\Program Files\JetBrains\IntelliJ IDEA 2022.1.3\bin\breakgen64.dll
0x00007ffd8daf0000 - 0x00007ffd8dbd8000 	C:\WINDOWS\SYSTEM32\DNSAPI.dll
0x00007ffd8dac0000 - 0x00007ffd8daed000 	C:\WINDOWS\SYSTEM32\IPHLPAPI.DLL
0x00007ffd90b80000 - 0x00007ffd90b89000 	C:\WINDOWS\System32\NSI.dll
0x00007ffd87530000 - 0x00007ffd8753a000 	C:\Windows\System32\rasadhlp.dll
0x00007ffd87330000 - 0x00007ffd873b1000 	C:\WINDOWS\System32\fwpuclnt.dll
0x00007ffd8b4e0000 - 0x00007ffd8b4e9000 	C:\Program Files\Java\jdk-11.0.1\bin\management.dll
0x00007ffd898c0000 - 0x00007ffd898cc000 	C:\Program Files\Java\jdk-11.0.1\bin\management_ext.dll
0x00007ffd8e710000 - 0x00007ffd8e728000 	C:\WINDOWS\SYSTEM32\CRYPTSP.dll
0x00007ffd8df70000 - 0x00007ffd8dfa5000 	C:\WINDOWS\system32\rsaenh.dll
0x00007ffd8e5b0000 - 0x00007ffd8e5d9000 	C:\WINDOWS\SYSTEM32\USERENV.dll
0x00007ffd8e880000 - 0x00007ffd8e8a7000 	C:\WINDOWS\SYSTEM32\bcrypt.dll
0x00007ffd8e700000 - 0x00007ffd8e70c000 	C:\WINDOWS\SYSTEM32\CRYPTBASE.dll
0x00007ffd89f80000 - 0x00007ffd89f99000 	C:\WINDOWS\SYSTEM32\dhcpcsvc6.DLL
0x00007ffd8a410000 - 0x00007ffd8a42e000 	C:\WINDOWS\SYSTEM32\dhcpcsvc.DLL
0x00007ffd60c80000 - 0x00007ffd60c97000 	C:\WINDOWS\system32\napinsp.dll
0x00007ffd60bf0000 - 0x00007ffd60c0b000 	C:\WINDOWS\system32\pnrpnsp.dll
0x00007ffd60b50000 - 0x00007ffd60b62000 	C:\WINDOWS\System32\winrnr.dll
0x00007ffd60b30000 - 0x00007ffd60b45000 	C:\WINDOWS\system32\wshbth.dll
0x00007ffd60a50000 - 0x00007ffd60a6f000 	C:\WINDOWS\system32\nlansp_c.dll
0x00007ffd6a800000 - 0x00007ffd6a827000 	C:\Program Files\Java\jdk-11.0.1\bin\sunec.dll
0x00007ffd82df0000 - 0x00007ffd82dfd000 	C:\Program Files\Java\jdk-11.0.1\bin\sunmscapi.dll
0x00007ffd8f500000 - 0x00007ffd8f662000 	C:\WINDOWS\System32\CRYPT32.dll
0x00007ffd8e850000 - 0x00007ffd8e878000 	C:\WINDOWS\SYSTEM32\ncrypt.dll
0x00007ffd8e810000 - 0x00007ffd8e847000 	C:\WINDOWS\SYSTEM32\NTASN1.dll

dbghelp: loaded successfully - version: 4.0.5 - missing functions: none
symbol engine: initialized successfully - sym options: 0x614 - pdb path: .;C:\Program Files\Java\jdk-11.0.1\bin;C:\WINDOWS\SYSTEM32;C:\WINDOWS\WinSxS\amd64_microsoft.windows.common-controls_6595b64144ccf1df_6.0.22000.120_none_9d947278b86cc467;C:\Program Files\Java\jdk-11.0.1\bin\server;C:\Program Files\JetBrains\IntelliJ IDEA 2022.1.3\bin

VM Arguments:
jvm_args: -XX:TieredStopAtLevel=1 -Xverify:none -Dspring.output.ansi.enabled=always -Dcom.sun.management.jmxremote -Dspring.jmx.enabled=true -Dspring.liveBeansView.mbeanDomain -Dspring.application.admin.enabled=true -javaagent:C:\Program Files\JetBrains\IntelliJ IDEA 2022.1.3\lib\idea_rt.jar=55467:C:\Program Files\JetBrains\IntelliJ IDEA 2022.1.3\bin -Dfile.encoding=UTF-8 
java_command: com.example.springmvc.demo.DemoApplication
java_class_path (initial): C:\Users\window\Desktop\codeSpringBoot\demo\target\classes;C:\Users\window\.m2\repository\org\springframework\boot\spring-boot-starter-data-jpa\2.7.1\spring-boot-starter-data-jpa-2.7.1.jar;C:\Users\window\.m2\repository\org\springframework\boot\spring-boot-starter-aop\2.7.1\spring-boot-starter-aop-2.7.1.jar;C:\Users\window\.m2\repository\org\springframework\spring-aop\5.3.21\spring-aop-5.3.21.jar;C:\Users\window\.m2\repository\org\aspectj\aspectjweaver\1.9.7\aspectjweaver-1.9.7.jar;C:\Users\window\.m2\repository\org\springframework\boot\spring-boot-starter-jdbc\2.7.1\spring-boot-starter-jdbc-2.7.1.jar;C:\Users\window\.m2\repository\com\zaxxer\HikariCP\4.0.3\HikariCP-4.0.3.jar;C:\Users\window\.m2\repository\org\springframework\spring-jdbc\5.3.21\spring-jdbc-5.3.21.jar;C:\Users\window\.m2\repository\jakarta\transaction\jakarta.transaction-api\1.3.3\jakarta.transaction-api-1.3.3.jar;C:\Users\window\.m2\repository\jakarta\persistence\jakarta.persistence-api\2.2.3\jakarta.persistence-api-2.2.3.jar;C:\Users\window\.m2\repository\org\hibernate\hibernate-core\5.6.9.Final\hibernate-core-5.6.9.Final.jar;C:\Users\window\.m2\repository\org\jboss\logging\jboss-logging\3.4.3.Final\jboss-logging-3.4.3.Final.jar;C:\Users\window\.m2\repository\net\bytebuddy\byte-buddy\1.12.11\byte-buddy-1.12.11.jar;C:\Users\window\.m2\repository\antlr\antlr\2.7.7\antlr-2.7.7.jar;C:\Users\window\.m2\repository\org\jboss\jandex\2.4.2.Final\jandex-2.4.2.Final.jar;C:\Users\window\.m2\repository\com\fasterxml\classmate\1.5.1\classmate-1.5.1.jar;C:\Users\window\.m2\repository\org\hibernate\common\hibernate-commons-annotations\5.1.2.Final\hibernate-commons-annotations-5.1.2.Final.jar;C:\Users\window\.m2\repository\org\glassfish\jaxb\jaxb-runtime\2.3.6\jaxb-runtime-2.3.6.jar;C:\Users\window\.m2\repository\org\glassfish\jaxb\txw2\2.3.6\txw2-2.3.6.jar;C:\Users\window\.m2\repository\com\sun\istack\istack-commons-runtime\3.0.12\istack-commons-runtime-3.0.12.jar;C:\Users\window\.m2\r
Launcher Type: SUN_STANDARD

[Global flags]
     bool BytecodeVerificationLocal                = false                                     {product} {command line}
     bool BytecodeVerificationRemote               = false                                     {product} {command line}
     intx CICompilerCount                          = 4                                         {product} {ergonomic}
     uint ConcGCThreads                            = 2                                         {product} {ergonomic}
     uint G1ConcRefinementThreads                  = 8                                         {product} {ergonomic}
   size_t G1HeapRegionSize                         = 1048576                                   {product} {ergonomic}
    uintx GCDrainStackTargetSize                   = 64                                        {product} {ergonomic}
   size_t InitialHeapSize                          = 130023424                                 {product} {ergonomic}
     bool ManagementServer                         = true                                      {product} {command line}
   size_t MarkStackSize                            = 4194304                                   {product} {ergonomic}
   size_t MaxHeapSize                              = 2076180480                                {product} {ergonomic}
   size_t MaxNewSize                               = 1245708288                                {product} {ergonomic}
   size_t MinHeapDeltaBytes                        = 1048576                                   {product} {ergonomic}
    uintx NonNMethodCodeHeapSize                   = 7549744                                {pd product} {ergonomic}
    uintx NonProfiledCodeHeapSize                  = 244108496                              {pd product} {ergonomic}
    uintx ProfiledCodeHeapSize                     = 0                                      {pd product} {ergonomic}
    uintx ReservedCodeCacheSize                    = 251658240                              {pd product} {ergonomic}
     bool SegmentedCodeCache                       = true                                      {product} {ergonomic}
     intx TieredStopAtLevel                        = 1                                         {product} {command line}
     bool UseCompressedClassPointers               = true                                 {lp64_product} {ergonomic}
     bool UseCompressedOops                        = true                                 {lp64_product} {ergonomic}
     bool UseG1GC                                  = true                                      {product} {ergonomic}
     bool UseLargePagesIndividualAllocation        = false                                  {pd product} {ergonomic}

Logging:
Log output configuration:
 #0: stdout all=warning uptime,level,tags
 #1: stderr all=off uptime,level,tags

Environment Variables:
PATH=C:\WINDOWS\system32;C:\WINDOWS;C:\WINDOWS\System32\Wbem;C:\WINDOWS\System32\WindowsPowerShell\v1.0\;C:\WINDOWS\System32\OpenSSH\;C:\MinGW\bin;C:\Program Files\Microsoft SQL Server\Client SDK\ODBC\170\Tools\Binn\;C:\Program Files (x86)\Microsoft SQL Server\150\Tools\Binn\;C:\Program Files\Microsoft SQL Server\150\Tools\Binn\;C:\Program Files\Microsoft SQL Server\150\DTS\Binn\;C:\Program Files (x86)\Microsoft SQL Server\150\DTS\Binn\;C:\Program Files\Azure Data Studio\bin;C:\Program Files\dotnet\;C:\Program Files\Git\cmd;C:\Program Files\nodejs\;C:\Users\window\AppData\Local\Microsoft\WindowsApps;C:\Users\window\AppData\Local\Programs\Microsoft VS Code\bin;C:\Program Files\Azure Data Studio\bin;C:\Users\window\AppData\Local\GitHubDesktop\bin;C:\Users\window\AppData\Local\Programs\Azure Data Studio\bin;C:\Users\window\AppData\Roaming\npm;C:\Program Files\JetBrains\IntelliJ IDEA 2022.1.3\bin;
USERNAME=window
OS=Windows_NT
PROCESSOR_IDENTIFIER=Intel64 Family 6 Model 140 Stepping 1, GenuineIntel



---------------  S Y S T E M  ---------------

OS: Windows 10 , 64 bit Build 22000 (10.0.22000.708)

CPU:total 8 (initial active 8) (4 cores per cpu, 2 threads per core) family 6 model 140 stepping 1, cmov, cx8, fxsr, mmx, sse, sse2, sse3, ssse3, sse4.1, sse4.2, popcnt, avx, avx2, aes, clmul, erms, 3dnowpref, lzcnt, ht, tsc, tscinvbit, bmi1, bmi2, adx, sha, fma

Memory: 4k page, system-wide physical 7914M (365M free)
TotalPageFile size 21319M (AvailPageFile size 15M)
current process WorkingSet (physical memory assigned to process): 246M, peak: 246M
current process commit charge ("private bytes"): 315M, peak: 345M

vm_info: Java HotSpot(TM) 64-Bit Server VM (11.0.1+13-LTS) for windows-amd64 JRE (11.0.1+13-LTS), built on Oct  6 2018 13:20:16 by "mach5one" with MS VC++ 15.5 (VS2017)

END.
